<?xml version="1.0" encoding="UTF-8"?>
<!-- Generated by org.testng.reporters.JUnitXMLReporter -->
<testsuite ignored="0" hostname="DESKTOP-IBNC21M" failures="0" tests="4" name="TestBox" time="24.697" errors="0" timestamp="2023-09-01T19:48:01 IST">
  <testcase classname="com.demoqa1.testcases.OpenBrowserAndURL" name="openBrowserAndURL" time="13.713"/>
  <testcase classname="com.demoqa1.testcases.TC_0001_TextBox_Test" name="click_TextBox" time="1.661"/>
  <testcase classname="com.demoqa1.testcases.TC_0001_TextBox_Test" name="fil_TextBox_form" time="3.617"/>
  <testcase classname="com.demoqa1.testcases.TC_0001_TextBox_Test" name="fil_TextBox_form" time="3.894"/>
</testsuite> <!-- TestBox -->
