<?xml version="1.0" encoding="UTF-8"?>
<testng-results ignored="0" total="4" passed="4" failed="0" skipped="0">
  <reporter-output>
  </reporter-output>
  <suite started-at="2023-09-01T19:47:36 IST" name="Demoqa1" finished-at="2023-09-01T19:48:01 IST" duration-ms="24697">
    <groups>
      <group name="functional">
        <method signature="OpenBrowserAndURL.openBrowserAndURL()[pri:0, instance:com.demoqa1.testcases.OpenBrowserAndURL@1ce61929]" name="openBrowserAndURL" class="com.demoqa1.testcases.OpenBrowserAndURL"/>
        <method signature="TC_0001_TextBox_Test.click_TextBox()[pri:1, instance:com.demoqa1.testcases.TC_0001_TextBox_Test@f74e835]" name="click_TextBox" class="com.demoqa1.testcases.TC_0001_TextBox_Test"/>
        <method signature="TC_0001_TextBox_Test.fil_TextBox_form(java.util.Hashtable)[pri:2, instance:com.demoqa1.testcases.TC_0001_TextBox_Test@f74e835]" name="fil_TextBox_form" class="com.demoqa1.testcases.TC_0001_TextBox_Test"/>
      </group> <!-- functional -->
      <group name="regression">
        <method signature="OpenBrowserAndURL.openBrowserAndURL()[pri:0, instance:com.demoqa1.testcases.OpenBrowserAndURL@1ce61929]" name="openBrowserAndURL" class="com.demoqa1.testcases.OpenBrowserAndURL"/>
        <method signature="TC_0001_TextBox_Test.click_TextBox()[pri:1, instance:com.demoqa1.testcases.TC_0001_TextBox_Test@f74e835]" name="click_TextBox" class="com.demoqa1.testcases.TC_0001_TextBox_Test"/>
        <method signature="TC_0001_TextBox_Test.fil_TextBox_form(java.util.Hashtable)[pri:2, instance:com.demoqa1.testcases.TC_0001_TextBox_Test@f74e835]" name="fil_TextBox_form" class="com.demoqa1.testcases.TC_0001_TextBox_Test"/>
      </group> <!-- regression -->
      <group name="smoke">
        <method signature="OpenBrowserAndURL.openBrowserAndURL()[pri:0, instance:com.demoqa1.testcases.OpenBrowserAndURL@1ce61929]" name="openBrowserAndURL" class="com.demoqa1.testcases.OpenBrowserAndURL"/>
        <method signature="TC_0001_TextBox_Test.click_TextBox()[pri:1, instance:com.demoqa1.testcases.TC_0001_TextBox_Test@f74e835]" name="click_TextBox" class="com.demoqa1.testcases.TC_0001_TextBox_Test"/>
        <method signature="TC_0001_TextBox_Test.fil_TextBox_form(java.util.Hashtable)[pri:2, instance:com.demoqa1.testcases.TC_0001_TextBox_Test@f74e835]" name="fil_TextBox_form" class="com.demoqa1.testcases.TC_0001_TextBox_Test"/>
      </group> <!-- smoke -->
      <group name="sanity">
        <method signature="OpenBrowserAndURL.openBrowserAndURL()[pri:0, instance:com.demoqa1.testcases.OpenBrowserAndURL@1ce61929]" name="openBrowserAndURL" class="com.demoqa1.testcases.OpenBrowserAndURL"/>
        <method signature="TC_0001_TextBox_Test.click_TextBox()[pri:1, instance:com.demoqa1.testcases.TC_0001_TextBox_Test@f74e835]" name="click_TextBox" class="com.demoqa1.testcases.TC_0001_TextBox_Test"/>
        <method signature="TC_0001_TextBox_Test.fil_TextBox_form(java.util.Hashtable)[pri:2, instance:com.demoqa1.testcases.TC_0001_TextBox_Test@f74e835]" name="fil_TextBox_form" class="com.demoqa1.testcases.TC_0001_TextBox_Test"/>
      </group> <!-- sanity -->
    </groups>
    <test started-at="2023-09-01T19:47:36 IST" name="TestBox" finished-at="2023-09-01T19:48:01 IST" duration-ms="24697">
      <class name="com.demoqa1.testcases.OpenBrowserAndURL">
        <test-method signature="openBrowserAndURL()[pri:0, instance:com.demoqa1.testcases.OpenBrowserAndURL@1ce61929]" started-at="2023-09-01T19:47:37 IST" name="openBrowserAndURL" finished-at="2023-09-01T19:47:50 IST" duration-ms="13713" status="PASS">
          <reporter-output>
          </reporter-output>
        </test-method> <!-- openBrowserAndURL -->
      </class> <!-- com.demoqa1.testcases.OpenBrowserAndURL -->
      <class name="com.demoqa1.testcases.TC_0001_TextBox_Test">
        <test-method signature="click_TextBox()[pri:1, instance:com.demoqa1.testcases.TC_0001_TextBox_Test@f74e835]" started-at="2023-09-01T19:47:51 IST" name="click_TextBox" finished-at="2023-09-01T19:47:53 IST" duration-ms="1661" status="PASS">
          <reporter-output>
          </reporter-output>
        </test-method> <!-- click_TextBox -->
        <test-method signature="fil_TextBox_form(java.util.Hashtable)[pri:2, instance:com.demoqa1.testcases.TC_0001_TextBox_Test@f74e835]" started-at="2023-09-01T19:47:53 IST" name="fil_TextBox_form" data-provider="demoQAdata" finished-at="2023-09-01T19:47:57 IST" duration-ms="3617" status="PASS">
          <params>
            <param index="0">
              <value>
                <![CDATA[{padd=dno 12345, email=abc@gmail.com, cadd=dno 12345, fname=abc}]]>
              </value>
            </param>
          </params>
          <reporter-output>
          </reporter-output>
        </test-method> <!-- fil_TextBox_form -->
        <test-method signature="fil_TextBox_form(java.util.Hashtable)[pri:2, instance:com.demoqa1.testcases.TC_0001_TextBox_Test@f74e835]" started-at="2023-09-01T19:47:57 IST" name="fil_TextBox_form" data-provider="demoQAdata" finished-at="2023-09-01T19:48:01 IST" duration-ms="3894" status="PASS">
          <params>
            <param index="0">
              <value>
                <![CDATA[{padd=dno 3344, email=def@gmail.com, cadd=bno 3344, fname=def}]]>
              </value>
            </param>
          </params>
          <reporter-output>
          </reporter-output>
        </test-method> <!-- fil_TextBox_form -->
      </class> <!-- com.demoqa1.testcases.TC_0001_TextBox_Test -->
    </test> <!-- TestBox -->
  </suite> <!-- Demoqa1 -->
</testng-results>
