<?xml version="1.0" encoding="UTF-8"?>
<testng-results ignored="0" total="2" passed="2" failed="0" skipped="0">
  <reporter-output>
  </reporter-output>
  <suite started-at="2023-09-01T19:02:31 IST" name="Demoqa1" finished-at="2023-09-01T19:03:21 IST" duration-ms="50222">
    <groups>
      <group name="functional">
        <method signature="OpenBrowserAndURL.openBrowserAndURL()[pri:0, instance:com.demoqa1.testcases.OpenBrowserAndURL@73db4768]" name="openBrowserAndURL" class="com.demoqa1.testcases.OpenBrowserAndURL"/>
        <method signature="TC_0001_TextBox_Test.click_TextBox()[pri:0, instance:com.demoqa1.testcases.TC_0001_TextBox_Test@76f7d241]" name="click_TextBox" class="com.demoqa1.testcases.TC_0001_TextBox_Test"/>
      </group> <!-- functional -->
      <group name="regression">
        <method signature="OpenBrowserAndURL.openBrowserAndURL()[pri:0, instance:com.demoqa1.testcases.OpenBrowserAndURL@73db4768]" name="openBrowserAndURL" class="com.demoqa1.testcases.OpenBrowserAndURL"/>
        <method signature="TC_0001_TextBox_Test.click_TextBox()[pri:0, instance:com.demoqa1.testcases.TC_0001_TextBox_Test@76f7d241]" name="click_TextBox" class="com.demoqa1.testcases.TC_0001_TextBox_Test"/>
      </group> <!-- regression -->
      <group name="smoke">
        <method signature="OpenBrowserAndURL.openBrowserAndURL()[pri:0, instance:com.demoqa1.testcases.OpenBrowserAndURL@73db4768]" name="openBrowserAndURL" class="com.demoqa1.testcases.OpenBrowserAndURL"/>
        <method signature="TC_0001_TextBox_Test.click_TextBox()[pri:0, instance:com.demoqa1.testcases.TC_0001_TextBox_Test@76f7d241]" name="click_TextBox" class="com.demoqa1.testcases.TC_0001_TextBox_Test"/>
      </group> <!-- smoke -->
      <group name="sanity">
        <method signature="OpenBrowserAndURL.openBrowserAndURL()[pri:0, instance:com.demoqa1.testcases.OpenBrowserAndURL@73db4768]" name="openBrowserAndURL" class="com.demoqa1.testcases.OpenBrowserAndURL"/>
        <method signature="TC_0001_TextBox_Test.click_TextBox()[pri:0, instance:com.demoqa1.testcases.TC_0001_TextBox_Test@76f7d241]" name="click_TextBox" class="com.demoqa1.testcases.TC_0001_TextBox_Test"/>
      </group> <!-- sanity -->
    </groups>
    <test started-at="2023-09-01T19:02:31 IST" name="TestBox" finished-at="2023-09-01T19:03:21 IST" duration-ms="50222">
      <class name="com.demoqa1.testcases.OpenBrowserAndURL">
        <test-method signature="openBrowserAndURL()[pri:0, instance:com.demoqa1.testcases.OpenBrowserAndURL@73db4768]" started-at="2023-09-01T19:02:31 IST" name="openBrowserAndURL" finished-at="2023-09-01T19:03:19 IST" duration-ms="47841" status="PASS">
          <reporter-output>
          </reporter-output>
        </test-method> <!-- openBrowserAndURL -->
      </class> <!-- com.demoqa1.testcases.OpenBrowserAndURL -->
      <class name="com.demoqa1.testcases.TC_0001_TextBox_Test">
        <test-method signature="click_TextBox()[pri:0, instance:com.demoqa1.testcases.TC_0001_TextBox_Test@76f7d241]" started-at="2023-09-01T19:03:20 IST" name="click_TextBox" finished-at="2023-09-01T19:03:21 IST" duration-ms="702" status="PASS">
          <reporter-output>
          </reporter-output>
        </test-method> <!-- click_TextBox -->
      </class> <!-- com.demoqa1.testcases.TC_0001_TextBox_Test -->
    </test> <!-- TestBox -->
  </suite> <!-- Demoqa1 -->
</testng-results>
